<component name="libraryTable">
  <library name="junit-4.13">
    <CLASSES>
      <root url="jar://$PROJECT_DIR$/lib/junit-4.13.jar!/" />
      <root url="jar://$PROJECT_DIR$/lib/selenium-server-standalone-3.141.59.jar!/" />
    </CLASSES>
    <JAVADOC />
    <SOURCES />
  </library>
</component>